<?xml version="1.0" encoding="UTF-8"?>
<!-- Generated by org.testng.reporters.JUnitXMLReporter -->
<testsuite hostname="Admin-PC" ignored="0" name="Default test" tests="7" failures="0" timestamp="2021-08-07T16:06:20 ICT" time="10.478" errors="0">
  <testcase name="post_201" time="5.11" classname="API.AssertionsinAPITesting"/>
  <testcase name="post_201" time="0.568" classname="API.AssertionsinAPITesting"/>
  <testcase name="post_201" time="0.498" classname="API.AssertionsinAPITesting"/>
  <testcase name="post_400" time="0.42" classname="API.AssertionsinAPITesting"/>
  <testcase name="post_400" time="0.389" classname="API.AssertionsinAPITesting"/>
  <testcase name="post_400" time="0.362" classname="API.AssertionsinAPITesting"/>
  <testcase name="post_400" time="0.386" classname="API.AssertionsinAPITesting"/>
</testsuite> <!-- Default test -->
