<?xml version="1.0" encoding="UTF-8"?>
<!-- Generated by org.testng.reporters.JUnitXMLReporter -->
<testsuite hostname="Admin-PC" ignored="1" name="Default test" tests="3" failures="0" timestamp="2021-08-07T11:09:36 ICT" time="6.101" errors="0">
  <testcase name="post_400" time="3.976" classname="API.AssertionsinAPITesting"/>
  <testcase name="post_400" time="0.483" classname="API.AssertionsinAPITesting"/>
  <testcase name="post_400" time="0.545" classname="API.AssertionsinAPITesting"/>
  <testcase name="post_201" time="0.0" classname="API.AssertionsinAPITesting">
    <ignored/>
  </testcase> <!-- post_201 -->
</testsuite> <!-- Default test -->
