<?xml version="1.0" encoding="UTF-8"?>
<testng-results ignored="0" total="1" passed="1" failed="0" skipped="0">
  <reporter-output>
  </reporter-output>
  <suite started-at="2021-07-11T15:34:36 ICT" name="Default suite" finished-at="2021-07-11T15:34:40 ICT" duration-ms="4654">
    <groups>
    </groups>
    <test started-at="2021-07-11T15:34:36 ICT" name="Default test" finished-at="2021-07-11T15:34:40 ICT" duration-ms="4654">
      <class name="API.POST">
        <test-method signature="test_excel_post(java.lang.String, java.lang.String)[pri:0, instance:API.POST@78aab498]" started-at="2021-07-11T15:34:37 ICT" name="test_excel_post" data-provider="getTestData" finished-at="2021-07-11T15:34:40 ICT" duration-ms="3666" status="PASS">
          <params>
            <param index="0">
              <value>
                <![CDATA[haithoi]]>
              </value>
            </param>
            <param index="1">
              <value>
                <![CDATA[Hanh]]>
              </value>
            </param>
          </params>
          <reporter-output>
          </reporter-output>
        </test-method> <!-- test_excel_post -->
      </class> <!-- API.POST -->
    </test> <!-- Default test -->
  </suite> <!-- Default suite -->
</testng-results>
